<?xml version="1.0" encoding="UTF-8"?>
<testsuite name="org.cap.test.bankapp.ParameterizedTestCase" tests="3" skipped="0" failures="0" errors="0" timestamp="2021-07-12T11:54:55" hostname="LIN51013721" time="0.001">
  <properties/>
  <testcase name="test_AddNumbers[0]" classname="org.cap.test.bankapp.ParameterizedTestCase" time="0.0"/>
  <testcase name="test_AddNumbers[1]" classname="org.cap.test.bankapp.ParameterizedTestCase" time="0.0"/>
  <testcase name="test_AddNumbers[2]" classname="org.cap.test.bankapp.ParameterizedTestCase" time="0.0"/>
  <system-out><![CDATA[]]></system-out>
  <system-err><![CDATA[]]></system-err>
</testsuite>
