<?xml version="1.0" encoding="UTF-8"?>
<testsuite name="org.cap.test.bankapp.BankAppTestCase" tests="10" skipped="2" failures="0" errors="0" timestamp="2021-07-12T11:54:55" hostname="LIN51013721" time="0.016">
  <properties/>
  <testcase name="test_add_numbers_method" classname="org.cap.test.bankapp.BankAppTestCase" time="0.001"/>
  <testcase name="test_add_Account_with_null_customer" classname="org.cap.test.bankapp.BankAppTestCase" time="0.0"/>
  <testcase name="test_myloop" classname="org.cap.test.bankapp.BankAppTestCase" time="0.0">
    <skipped/>
  </testcase>
  <testcase name="test_add_Account_with_null_low_balance" classname="org.cap.test.bankapp.BankAppTestCase" time="0.0"/>
  <testcase name="test_add_numbers_method" classname="org.cap.test.bankapp.BankAppTestCase" time="0.0"/>
  <testcase name="test_add_Account_with_null_customer" classname="org.cap.test.bankapp.BankAppTestCase" time="0.0"/>
  <testcase name="test_myloop" classname="org.cap.test.bankapp.BankAppTestCase" time="0.0">
    <skipped/>
  </testcase>
  <testcase name="test_add_Account_with_null_low_balance" classname="org.cap.test.bankapp.BankAppTestCase" time="0.0"/>
  <testcase name="test_add_Account_with_null_low_balance" classname="org.cap.test.bankapp.BankAppTestCase" time="0.0"/>
  <testcase name="test_add_Account_with_null_low_balance" classname="org.cap.test.bankapp.BankAppTestCase" time="0.0"/>
  <system-out><![CDATA[]]></system-out>
  <system-err><![CDATA[]]></system-err>
</testsuite>
